Traceback (most recent call last):
  File "./check-example", line 53, in testTwo
    self.assertFalse(True)
AssertionError: True is not false
